[debug] [2025-02-11T13:20:48.137Z] ----------------------------------------------------------------------
[debug] [2025-02-11T13:20:48.139Z] Command:       C:\Program Files\nodejs\node.exe C:\Users\mvish\AppData\Roaming\npm\node_modules\firebase-tools\lib\bin\firebase.js init
[debug] [2025-02-11T13:20:48.139Z] CLI Version:   13.30.0
[debug] [2025-02-11T13:20:48.139Z] Platform:      win32
[debug] [2025-02-11T13:20:48.139Z] Node Version:  v22.13.1
[debug] [2025-02-11T13:20:48.140Z] Time:          Tue Feb 11 2025 18:50:48 GMT+0530 (India Standard Time)
[debug] [2025-02-11T13:20:48.140Z] ----------------------------------------------------------------------
[debug] 
[debug] [2025-02-11T13:20:48.143Z] >>> [apiv2][query] GET https://firebase-public.firebaseio.com/cli.json [none]
[debug] [2025-02-11T13:20:48.194Z] > command requires scopes: ["email","openid","https://www.googleapis.com/auth/cloudplatformprojects.readonly","https://www.googleapis.com/auth/firebase","https://www.googleapis.com/auth/cloud-platform"]
[debug] [2025-02-11T13:20:48.195Z] > authorizing via signed-in user (mvishnu970m@gmail.com)
[info] 
     ######## #### ########  ######## ########     ###     ######  ########
     ##        ##  ##     ## ##       ##     ##  ##   ##  ##       ##
     ######    ##  ########  ######   ########  #########  ######  ######
     ##        ##  ##    ##  ##       ##     ## ##     ##       ## ##
     ##       #### ##     ## ######## ########  ##     ##  ######  ########

You're about to initialize a Firebase project in this directory:

  C:\Users\mvish\Apartment app

[debug] [2025-02-11T13:20:48.848Z] <<< [apiv2][status] GET https://firebase-public.firebaseio.com/cli.json 200
[debug] [2025-02-11T13:20:48.849Z] <<< [apiv2][body] GET https://firebase-public.firebaseio.com/cli.json {"cloudBuildErrorAfter":1594252800000,"cloudBuildWarnAfter":1590019200000,"defaultNode10After":1594252800000,"minVersion":"3.0.5","node8DeploysDisabledAfter":1613390400000,"node8RuntimeDisabledAfter":1615809600000,"node8WarnAfter":1600128000000}
[info] 
=== Project Setup
[info] 
[info] First, let's associate this project directory with a Firebase project.
[info] You can create multiple project aliases by running firebase use --add, 
[info] but for now we'll just set up a default project.
[info] 
[debug] [2025-02-11T13:21:38.701Z] Checked if tokens are valid: false, expires at: 1739131479229
[debug] [2025-02-11T13:21:38.702Z] Checked if tokens are valid: false, expires at: 1739131479229
[debug] [2025-02-11T13:21:38.702Z] > refreshing access token with scopes: []
[debug] [2025-02-11T13:21:38.704Z] >>> [apiv2][query] POST https://www.googleapis.com/oauth2/v3/token [none]
[debug] [2025-02-11T13:21:38.704Z] >>> [apiv2][body] POST https://www.googleapis.com/oauth2/v3/token [omitted]
[debug] [2025-02-11T13:21:38.955Z] <<< [apiv2][status] POST https://www.googleapis.com/oauth2/v3/token 200
[debug] [2025-02-11T13:21:38.955Z] <<< [apiv2][body] POST https://www.googleapis.com/oauth2/v3/token [omitted]
[debug] [2025-02-11T13:21:38.980Z] >>> [apiv2][query] GET https://firebase.googleapis.com/v1beta1/projects pageSize=100
[debug] [2025-02-11T13:21:39.873Z] <<< [apiv2][status] GET https://firebase.googleapis.com/v1beta1/projects 200
[debug] [2025-02-11T13:21:39.873Z] <<< [apiv2][body] GET https://firebase.googleapis.com/v1beta1/projects [omitted]
[info] i  Using project apartmant-ce343 (Apartmant ) 
[info] 
=== Hosting Setup
[debug] [2025-02-11T13:21:46.973Z] Checked if tokens are valid: true, expires at: 1739283697955
[debug] [2025-02-11T13:21:46.973Z] Checked if tokens are valid: true, expires at: 1739283697955
[debug] [2025-02-11T13:21:46.973Z] >>> [apiv2][query] GET https://firebase.googleapis.com/v1beta1/projects/apartmant-ce343 [none]
[debug] [2025-02-11T13:21:47.477Z] <<< [apiv2][status] GET https://firebase.googleapis.com/v1beta1/projects/apartmant-ce343 200
[debug] [2025-02-11T13:21:47.478Z] <<< [apiv2][body] GET https://firebase.googleapis.com/v1beta1/projects/apartmant-ce343 {"projectId":"apartmant-ce343","projectNumber":"1059109244367","displayName":"Apartmant ","name":"projects/apartmant-ce343","resources":{"hostingSite":"apartmant-ce343"},"state":"ACTIVE","etag":"1_62a303b7-feb7-4a26-a2a8-589516cea5be"}
[info] 
[info] Your public directory is the folder (relative to your project directory) that
[info] will contain Hosting assets to be uploaded with firebase deploy. If you
[info] have a build process for your assets, use your build's output directory.
[info] 
[info] +  Wrote public/404.html 
[debug] [2025-02-11T13:23:11.341Z] >>> [apiv2][query] GET https://www.gstatic.com/firebasejs/releases.json [none]
[debug] [2025-02-11T13:23:11.554Z] <<< [apiv2][status] GET https://www.gstatic.com/firebasejs/releases.json 200
[debug] [2025-02-11T13:23:11.554Z] <<< [apiv2][body] GET https://www.gstatic.com/firebasejs/releases.json {"current":{"version":"11.3.0","browserURL":"https://www.gstatic.com/firebasejs/11.3.0/firebase.js","packageURL":"https://www.gstatic.com/firebasejs/11.3.0/firebase.tgz"},"live":{"version":"11.3","browserURL":"https://www.gstatic.com/firebasejs/live/11.3/firebase.js","packageURL":"https://www.gstatic.com/firebasejs/live/11.3/firebase.tgz"},"components":{"analytics":"https://www.gstatic.com/firebasejs/11.3.0/firebase-analytics.js","app":"https://www.gstatic.com/firebasejs/11.3.0/firebase-app.js","app-check":"https://www.gstatic.com/firebasejs/11.3.0/firebase-app-check.js","auth":"https://www.gstatic.com/firebasejs/11.3.0/firebase-auth.js","auth/cordova":"https://www.gstatic.com/firebasejs/11.3.0/firebase-auth/cordova.js","auth/web-extension":"https://www.gstatic.com/firebasejs/11.3.0/firebase-auth/web-extension.js","functions":"https://www.gstatic.com/firebasejs/11.3.0/firebase-functions.js","firestore":"https://www.gstatic.com/firebasejs/11.3.0/firebase-firestore.js","firestore/lite":"https://www.gstatic.com/firebasejs/11.3.0/firebase-firestore/lite.js","installations":"https://www.gstatic.com/firebasejs/11.3.0/firebase-installations.js","storage":"https://www.gstatic.com/firebasejs/11.3.0/firebase-storage.js","performance":"https://www.gstatic.com/firebasejs/11.3.0/firebase-performance.js","remote-config":"https://www.gstatic.com/firebasejs/11.3.0/firebase-remote-config.js","messaging":"https://www.gstatic.com/firebasejs/11.3.0/firebase-messaging.js","messaging/sw":"https://www.gstatic.com/firebasejs/11.3.0/firebase-messaging/sw.js","database":"https://www.gstatic.com/firebasejs/11.3.0/firebase-database.js","vertexai":"https://www.gstatic.com/firebasejs/11.3.0/firebase-vertexai.js","data-connect":"https://www.gstatic.com/firebasejs/11.3.0/firebase-data-connect.js","firestore.memory":"https://www.gstatic.com/firebasejs/11.3.0/firebase-firestore.memory.js"}}
[info] +  Wrote public/index.html 
[info] 
[info] i  Writing configuration info to firebase.json... 
[info] i  Writing project information to .firebaserc... 
[info] i  Writing gitignore file to .gitignore... 
[info] 
[info] +  Firebase initialization complete! 
